<?xml version="1.0" encoding="UTF-8"?>
<testsuite xmlns:xsi="http://www.w3.org/2001/XMLSchema-instance" xsi:noNamespaceSchemaLocation="https://maven.apache.org/surefire/maven-surefire-plugin/xsd/surefire-test-report.xsd" version="3.0.2" name="com.uniminuto.velvet.VelvetApplicationTests" time="8.334" tests="1" errors="0" skipped="0" failures="0">
  <properties>
    <property name="java.specification.version" value="21"/>
    <property name="sun.cpu.isalist" value="amd64"/>
    <property name="sun.jnu.encoding" value="Cp1252"/>
    <property name="java.class.path" value="C:\Users\andre\OneDrive\Escritorio\velvet\target\test-classes;C:\Users\andre\OneDrive\Escritorio\velvet\target\classes;C:\Users\andre\.m2\repository\org\springframework\boot\spring-boot-starter-web\3.4.4\spring-boot-starter-web-3.4.4.jar;C:\Users\andre\.m2\repository\org\springframework\boot\spring-boot-starter\3.4.4\spring-boot-starter-3.4.4.jar;C:\Users\andre\.m2\repository\org\springframework\boot\spring-boot\3.4.4\spring-boot-3.4.4.jar;C:\Users\andre\.m2\repository\org\springframework\boot\spring-boot-autoconfigure\3.4.4\spring-boot-autoconfigure-3.4.4.jar;C:\Users\andre\.m2\repository\org\springframework\boot\spring-boot-starter-logging\3.4.4\spring-boot-starter-logging-3.4.4.jar;C:\Users\andre\.m2\repository\ch\qos\logback\logback-classic\1.5.18\logback-classic-1.5.18.jar;C:\Users\andre\.m2\repository\ch\qos\logback\logback-core\1.5.18\logback-core-1.5.18.jar;C:\Users\andre\.m2\repository\org\apache\logging\log4j\log4j-to-slf4j\2.24.3\log4j-to-slf4j-2.24.3.jar;C:\Users\andre\.m2\repository\org\apache\logging\log4j\log4j-api\2.24.3\log4j-api-2.24.3.jar;C:\Users\andre\.m2\repository\org\slf4j\jul-to-slf4j\2.0.17\jul-to-slf4j-2.0.17.jar;C:\Users\andre\.m2\repository\jakarta\annotation\jakarta.annotation-api\2.1.1\jakarta.annotation-api-2.1.1.jar;C:\Users\andre\.m2\repository\org\yaml\snakeyaml\2.3\snakeyaml-2.3.jar;C:\Users\andre\.m2\repository\org\springframework\boot\spring-boot-starter-json\3.4.4\spring-boot-starter-json-3.4.4.jar;C:\Users\andre\.m2\repository\com\fasterxml\jackson\datatype\jackson-datatype-jdk8\2.18.3\jackson-datatype-jdk8-2.18.3.jar;C:\Users\andre\.m2\repository\com\fasterxml\jackson\datatype\jackson-datatype-jsr310\2.18.3\jackson-datatype-jsr310-2.18.3.jar;C:\Users\andre\.m2\repository\com\fasterxml\jackson\module\jackson-module-parameter-names\2.18.3\jackson-module-parameter-names-2.18.3.jar;C:\Users\andre\.m2\repository\org\springframework\boot\spring-boot-starter-tomcat\3.4.4\spring-boot-starter-tomcat-3.4.4.jar;C:\Users\andre\.m2\repository\org\apache\tomcat\embed\tomcat-embed-core\10.1.39\tomcat-embed-core-10.1.39.jar;C:\Users\andre\.m2\repository\org\apache\tomcat\embed\tomcat-embed-websocket\10.1.39\tomcat-embed-websocket-10.1.39.jar;C:\Users\andre\.m2\repository\org\springframework\spring-web\6.2.5\spring-web-6.2.5.jar;C:\Users\andre\.m2\repository\org\springframework\spring-beans\6.2.5\spring-beans-6.2.5.jar;C:\Users\andre\.m2\repository\io\micrometer\micrometer-observation\1.14.5\micrometer-observation-1.14.5.jar;C:\Users\andre\.m2\repository\io\micrometer\micrometer-commons\1.14.5\micrometer-commons-1.14.5.jar;C:\Users\andre\.m2\repository\org\springframework\spring-webmvc\6.2.5\spring-webmvc-6.2.5.jar;C:\Users\andre\.m2\repository\org\springframework\spring-context\6.2.5\spring-context-6.2.5.jar;C:\Users\andre\.m2\repository\org\springframework\spring-expression\6.2.5\spring-expression-6.2.5.jar;C:\Users\andre\.m2\repository\org\springframework\boot\spring-boot-starter-data-jpa\3.4.4\spring-boot-starter-data-jpa-3.4.4.jar;C:\Users\andre\.m2\repository\org\springframework\boot\spring-boot-starter-jdbc\3.4.4\spring-boot-starter-jdbc-3.4.4.jar;C:\Users\andre\.m2\repository\com\zaxxer\HikariCP\5.1.0\HikariCP-5.1.0.jar;C:\Users\andre\.m2\repository\org\springframework\spring-jdbc\6.2.5\spring-jdbc-6.2.5.jar;C:\Users\andre\.m2\repository\org\hibernate\orm\hibernate-core\6.6.11.Final\hibernate-core-6.6.11.Final.jar;C:\Users\andre\.m2\repository\jakarta\persistence\jakarta.persistence-api\3.1.0\jakarta.persistence-api-3.1.0.jar;C:\Users\andre\.m2\repository\jakarta\transaction\jakarta.transaction-api\2.0.1\jakarta.transaction-api-2.0.1.jar;C:\Users\andre\.m2\repository\org\jboss\logging\jboss-logging\3.6.1.Final\jboss-logging-3.6.1.Final.jar;C:\Users\andre\.m2\repository\org\hibernate\common\hibernate-commons-annotations\7.0.3.Final\hibernate-commons-annotations-7.0.3.Final.jar;C:\Users\andre\.m2\repository\io\smallrye\jandex\3.2.0\jandex-3.2.0.jar;C:\Users\andre\.m2\repository\com\fasterxml\classmate\1.7.0\classmate-1.7.0.jar;C:\Users\andre\.m2\repository\net\bytebuddy\byte-buddy\1.15.11\byte-buddy-1.15.11.jar;C:\Users\andre\.m2\repository\org\glassfish\jaxb\jaxb-runtime\4.0.5\jaxb-runtime-4.0.5.jar;C:\Users\andre\.m2\repository\org\glassfish\jaxb\jaxb-core\4.0.5\jaxb-core-4.0.5.jar;C:\Users\andre\.m2\repository\org\eclipse\angus\angus-activation\2.0.2\angus-activation-2.0.2.jar;C:\Users\andre\.m2\repository\org\glassfish\jaxb\txw2\4.0.5\txw2-4.0.5.jar;C:\Users\andre\.m2\repository\com\sun\istack\istack-commons-runtime\4.1.2\istack-commons-runtime-4.1.2.jar;C:\Users\andre\.m2\repository\jakarta\inject\jakarta.inject-api\2.0.1\jakarta.inject-api-2.0.1.jar;C:\Users\andre\.m2\repository\org\antlr\antlr4-runtime\4.13.0\antlr4-runtime-4.13.0.jar;C:\Users\andre\.m2\repository\org\springframework\data\spring-data-jpa\3.4.4\spring-data-jpa-3.4.4.jar;C:\Users\andre\.m2\repository\org\springframework\data\spring-data-commons\3.4.4\spring-data-commons-3.4.4.jar;C:\Users\andre\.m2\repository\org\springframework\spring-orm\6.2.5\spring-orm-6.2.5.jar;C:\Users\andre\.m2\repository\org\springframework\spring-tx\6.2.5\spring-tx-6.2.5.jar;C:\Users\andre\.m2\repository\org\slf4j\slf4j-api\2.0.17\slf4j-api-2.0.17.jar;C:\Users\andre\.m2\repository\org\springframework\spring-aspects\6.2.5\spring-aspects-6.2.5.jar;C:\Users\andre\.m2\repository\org\aspectj\aspectjweaver\1.9.23\aspectjweaver-1.9.23.jar;C:\Users\andre\.m2\repository\org\springframework\boot\spring-boot-starter-security\3.4.4\spring-boot-starter-security-3.4.4.jar;C:\Users\andre\.m2\repository\org\springframework\spring-aop\6.2.5\spring-aop-6.2.5.jar;C:\Users\andre\.m2\repository\org\springframework\security\spring-security-config\6.4.4\spring-security-config-6.4.4.jar;C:\Users\andre\.m2\repository\org\springframework\security\spring-security-web\6.4.4\spring-security-web-6.4.4.jar;C:\Users\andre\.m2\repository\org\springframework\boot\spring-boot-starter-validation\3.4.4\spring-boot-starter-validation-3.4.4.jar;C:\Users\andre\.m2\repository\org\apache\tomcat\embed\tomcat-embed-el\10.1.39\tomcat-embed-el-10.1.39.jar;C:\Users\andre\.m2\repository\org\hibernate\validator\hibernate-validator\8.0.2.Final\hibernate-validator-8.0.2.Final.jar;C:\Users\andre\.m2\repository\jakarta\validation\jakarta.validation-api\3.0.2\jakarta.validation-api-3.0.2.jar;C:\Users\andre\.m2\repository\org\postgresql\postgresql\42.7.5\postgresql-42.7.5.jar;C:\Users\andre\.m2\repository\org\checkerframework\checker-qual\3.48.3\checker-qual-3.48.3.jar;C:\Users\andre\.m2\repository\io\jsonwebtoken\jjwt-api\0.11.5\jjwt-api-0.11.5.jar;C:\Users\andre\.m2\repository\io\jsonwebtoken\jjwt-impl\0.11.5\jjwt-impl-0.11.5.jar;C:\Users\andre\.m2\repository\io\jsonwebtoken\jjwt-jackson\0.11.5\jjwt-jackson-0.11.5.jar;C:\Users\andre\.m2\repository\com\fasterxml\jackson\core\jackson-databind\2.18.3\jackson-databind-2.18.3.jar;C:\Users\andre\.m2\repository\org\mapstruct\mapstruct\1.5.5.Final\mapstruct-1.5.5.Final.jar;C:\Users\andre\.m2\repository\org\mapstruct\mapstruct-processor\1.5.5.Final\mapstruct-processor-1.5.5.Final.jar;C:\Users\andre\.m2\repository\net\sf\jasperreports\jasperreports\6.20.6\jasperreports-6.20.6.jar;C:\Users\andre\.m2\repository\commons-beanutils\commons-beanutils\1.9.4\commons-beanutils-1.9.4.jar;C:\Users\andre\.m2\repository\commons-collections\commons-collections\3.2.2\commons-collections-3.2.2.jar;C:\Users\andre\.m2\repository\commons-digester\commons-digester\2.1\commons-digester-2.1.jar;C:\Users\andre\.m2\repository\commons-logging\commons-logging\1.1.1\commons-logging-1.1.1.jar;C:\Users\andre\.m2\repository\org\apache\commons\commons-collections4\4.2\commons-collections4-4.2.jar;C:\Users\andre\.m2\repository\com\github\librepdf\openpdf\1.3.30.jaspersoft.3\openpdf-1.3.30.jaspersoft.3.jar;C:\Users\andre\.m2\repository\org\jfree\jcommon\1.0.23\jcommon-1.0.23.jar;C:\Users\andre\.m2\repository\org\jfree\jfreechart\1.0.19\jfreechart-1.0.19.jar;C:\Users\andre\.m2\repository\org\eclipse\jdt\ecj\3.21.0\ecj-3.21.0.jar;C:\Users\andre\.m2\repository\com\fasterxml\jackson\core\jackson-core\2.18.3\jackson-core-2.18.3.jar;C:\Users\andre\.m2\repository\com\fasterxml\jackson\core\jackson-annotations\2.18.3\jackson-annotations-2.18.3.jar;C:\Users\andre\.m2\repository\com\fasterxml\jackson\dataformat\jackson-dataformat-xml\2.18.3\jackson-dataformat-xml-2.18.3.jar;C:\Users\andre\.m2\repository\org\codehaus\woodstox\stax2-api\4.2.2\stax2-api-4.2.2.jar;C:\Users\andre\.m2\repository\com\fasterxml\woodstox\woodstox-core\7.0.0\woodstox-core-7.0.0.jar;C:\Users\andre\.m2\repository\org\projectlombok\lombok\1.18.30\lombok-1.18.30.jar;C:\Users\andre\.m2\repository\org\springframework\boot\spring-boot-starter-test\3.4.4\spring-boot-starter-test-3.4.4.jar;C:\Users\andre\.m2\repository\org\springframework\boot\spring-boot-test\3.4.4\spring-boot-test-3.4.4.jar;C:\Users\andre\.m2\repository\org\springframework\boot\spring-boot-test-autoconfigure\3.4.4\spring-boot-test-autoconfigure-3.4.4.jar;C:\Users\andre\.m2\repository\com\jayway\jsonpath\json-path\2.9.0\json-path-2.9.0.jar;C:\Users\andre\.m2\repository\jakarta\xml\bind\jakarta.xml.bind-api\4.0.2\jakarta.xml.bind-api-4.0.2.jar;C:\Users\andre\.m2\repository\jakarta\activation\jakarta.activation-api\2.1.3\jakarta.activation-api-2.1.3.jar;C:\Users\andre\.m2\repository\net\minidev\json-smart\2.5.2\json-smart-2.5.2.jar;C:\Users\andre\.m2\repository\net\minidev\accessors-smart\2.5.2\accessors-smart-2.5.2.jar;C:\Users\andre\.m2\repository\org\ow2\asm\asm\9.7.1\asm-9.7.1.jar;C:\Users\andre\.m2\repository\org\assertj\assertj-core\3.26.3\assertj-core-3.26.3.jar;C:\Users\andre\.m2\repository\org\awaitility\awaitility\4.2.2\awaitility-4.2.2.jar;C:\Users\andre\.m2\repository\org\hamcrest\hamcrest\2.2\hamcrest-2.2.jar;C:\Users\andre\.m2\repository\org\junit\jupiter\junit-jupiter\5.11.4\junit-jupiter-5.11.4.jar;C:\Users\andre\.m2\repository\org\junit\jupiter\junit-jupiter-api\5.11.4\junit-jupiter-api-5.11.4.jar;C:\Users\andre\.m2\repository\org\opentest4j\opentest4j\1.3.0\opentest4j-1.3.0.jar;C:\Users\andre\.m2\repository\org\junit\platform\junit-platform-commons\1.11.4\junit-platform-commons-1.11.4.jar;C:\Users\andre\.m2\repository\org\apiguardian\apiguardian-api\1.1.2\apiguardian-api-1.1.2.jar;C:\Users\andre\.m2\repository\org\junit\jupiter\junit-jupiter-params\5.11.4\junit-jupiter-params-5.11.4.jar;C:\Users\andre\.m2\repository\org\junit\jupiter\junit-jupiter-engine\5.11.4\junit-jupiter-engine-5.11.4.jar;C:\Users\andre\.m2\repository\org\junit\platform\junit-platform-engine\1.11.4\junit-platform-engine-1.11.4.jar;C:\Users\andre\.m2\repository\org\mockito\mockito-core\5.14.2\mockito-core-5.14.2.jar;C:\Users\andre\.m2\repository\net\bytebuddy\byte-buddy-agent\1.15.11\byte-buddy-agent-1.15.11.jar;C:\Users\andre\.m2\repository\org\objenesis\objenesis\3.3\objenesis-3.3.jar;C:\Users\andre\.m2\repository\org\mockito\mockito-junit-jupiter\5.14.2\mockito-junit-jupiter-5.14.2.jar;C:\Users\andre\.m2\repository\org\skyscreamer\jsonassert\1.5.3\jsonassert-1.5.3.jar;C:\Users\andre\.m2\repository\com\vaadin\external\google\android-json\0.0.20131108.vaadin1\android-json-0.0.20131108.vaadin1.jar;C:\Users\andre\.m2\repository\org\springframework\spring-core\6.2.5\spring-core-6.2.5.jar;C:\Users\andre\.m2\repository\org\springframework\spring-jcl\6.2.5\spring-jcl-6.2.5.jar;C:\Users\andre\.m2\repository\org\springframework\spring-test\6.2.5\spring-test-6.2.5.jar;C:\Users\andre\.m2\repository\org\xmlunit\xmlunit-core\2.10.0\xmlunit-core-2.10.0.jar;C:\Users\andre\.m2\repository\org\springframework\security\spring-security-test\6.4.4\spring-security-test-6.4.4.jar;C:\Users\andre\.m2\repository\org\springframework\security\spring-security-core\6.4.4\spring-security-core-6.4.4.jar;C:\Users\andre\.m2\repository\org\springframework\security\spring-security-crypto\6.4.4\spring-security-crypto-6.4.4.jar;"/>
    <property name="java.vm.vendor" value="Eclipse Adoptium"/>
    <property name="sun.arch.data.model" value="64"/>
    <property name="user.variant" value=""/>
    <property name="java.vendor.url" value="https://adoptium.net/"/>
    <property name="user.timezone" value="America/Bogota"/>
    <property name="org.jboss.logging.provider" value="slf4j"/>
    <property name="user.country.format" value="CO"/>
    <property name="os.name" value="Windows 11"/>
    <property name="java.vm.specification.version" value="21"/>
    <property name="APPLICATION_NAME" value="velvet"/>
    <property name="sun.java.launcher" value="SUN_STANDARD"/>
    <property name="user.country" value="US"/>
    <property name="sun.boot.library.path" value="C:\Program Files\Eclipse Adoptium\jdk-21.0.5.11-hotspot\bin"/>
    <property name="sun.java.command" value="C:\Users\andre\AppData\Local\Temp\surefire2739056072874094601\surefirebooter-20250322135458029_3.jar C:\Users\andre\AppData\Local\Temp\surefire2739056072874094601 2025-03-22T13-54-57_863-jvmRun1 surefire-20250322135458029_1tmp surefire_0-20250322135458029_2tmp"/>
    <property name="jdk.debug" value="release"/>
    <property name="surefire.test.class.path" value="C:\Users\andre\OneDrive\Escritorio\velvet\target\test-classes;C:\Users\andre\OneDrive\Escritorio\velvet\target\classes;C:\Users\andre\.m2\repository\org\springframework\boot\spring-boot-starter-web\3.4.4\spring-boot-starter-web-3.4.4.jar;C:\Users\andre\.m2\repository\org\springframework\boot\spring-boot-starter\3.4.4\spring-boot-starter-3.4.4.jar;C:\Users\andre\.m2\repository\org\springframework\boot\spring-boot\3.4.4\spring-boot-3.4.4.jar;C:\Users\andre\.m2\repository\org\springframework\boot\spring-boot-autoconfigure\3.4.4\spring-boot-autoconfigure-3.4.4.jar;C:\Users\andre\.m2\repository\org\springframework\boot\spring-boot-starter-logging\3.4.4\spring-boot-starter-logging-3.4.4.jar;C:\Users\andre\.m2\repository\ch\qos\logback\logback-classic\1.5.18\logback-classic-1.5.18.jar;C:\Users\andre\.m2\repository\ch\qos\logback\logback-core\1.5.18\logback-core-1.5.18.jar;C:\Users\andre\.m2\repository\org\apache\logging\log4j\log4j-to-slf4j\2.24.3\log4j-to-slf4j-2.24.3.jar;C:\Users\andre\.m2\repository\org\apache\logging\log4j\log4j-api\2.24.3\log4j-api-2.24.3.jar;C:\Users\andre\.m2\repository\org\slf4j\jul-to-slf4j\2.0.17\jul-to-slf4j-2.0.17.jar;C:\Users\andre\.m2\repository\jakarta\annotation\jakarta.annotation-api\2.1.1\jakarta.annotation-api-2.1.1.jar;C:\Users\andre\.m2\repository\org\yaml\snakeyaml\2.3\snakeyaml-2.3.jar;C:\Users\andre\.m2\repository\org\springframework\boot\spring-boot-starter-json\3.4.4\spring-boot-starter-json-3.4.4.jar;C:\Users\andre\.m2\repository\com\fasterxml\jackson\datatype\jackson-datatype-jdk8\2.18.3\jackson-datatype-jdk8-2.18.3.jar;C:\Users\andre\.m2\repository\com\fasterxml\jackson\datatype\jackson-datatype-jsr310\2.18.3\jackson-datatype-jsr310-2.18.3.jar;C:\Users\andre\.m2\repository\com\fasterxml\jackson\module\jackson-module-parameter-names\2.18.3\jackson-module-parameter-names-2.18.3.jar;C:\Users\andre\.m2\repository\org\springframework\boot\spring-boot-starter-tomcat\3.4.4\spring-boot-starter-tomcat-3.4.4.jar;C:\Users\andre\.m2\repository\org\apache\tomcat\embed\tomcat-embed-core\10.1.39\tomcat-embed-core-10.1.39.jar;C:\Users\andre\.m2\repository\org\apache\tomcat\embed\tomcat-embed-websocket\10.1.39\tomcat-embed-websocket-10.1.39.jar;C:\Users\andre\.m2\repository\org\springframework\spring-web\6.2.5\spring-web-6.2.5.jar;C:\Users\andre\.m2\repository\org\springframework\spring-beans\6.2.5\spring-beans-6.2.5.jar;C:\Users\andre\.m2\repository\io\micrometer\micrometer-observation\1.14.5\micrometer-observation-1.14.5.jar;C:\Users\andre\.m2\repository\io\micrometer\micrometer-commons\1.14.5\micrometer-commons-1.14.5.jar;C:\Users\andre\.m2\repository\org\springframework\spring-webmvc\6.2.5\spring-webmvc-6.2.5.jar;C:\Users\andre\.m2\repository\org\springframework\spring-context\6.2.5\spring-context-6.2.5.jar;C:\Users\andre\.m2\repository\org\springframework\spring-expression\6.2.5\spring-expression-6.2.5.jar;C:\Users\andre\.m2\repository\org\springframework\boot\spring-boot-starter-data-jpa\3.4.4\spring-boot-starter-data-jpa-3.4.4.jar;C:\Users\andre\.m2\repository\org\springframework\boot\spring-boot-starter-jdbc\3.4.4\spring-boot-starter-jdbc-3.4.4.jar;C:\Users\andre\.m2\repository\com\zaxxer\HikariCP\5.1.0\HikariCP-5.1.0.jar;C:\Users\andre\.m2\repository\org\springframework\spring-jdbc\6.2.5\spring-jdbc-6.2.5.jar;C:\Users\andre\.m2\repository\org\hibernate\orm\hibernate-core\6.6.11.Final\hibernate-core-6.6.11.Final.jar;C:\Users\andre\.m2\repository\jakarta\persistence\jakarta.persistence-api\3.1.0\jakarta.persistence-api-3.1.0.jar;C:\Users\andre\.m2\repository\jakarta\transaction\jakarta.transaction-api\2.0.1\jakarta.transaction-api-2.0.1.jar;C:\Users\andre\.m2\repository\org\jboss\logging\jboss-logging\3.6.1.Final\jboss-logging-3.6.1.Final.jar;C:\Users\andre\.m2\repository\org\hibernate\common\hibernate-commons-annotations\7.0.3.Final\hibernate-commons-annotations-7.0.3.Final.jar;C:\Users\andre\.m2\repository\io\smallrye\jandex\3.2.0\jandex-3.2.0.jar;C:\Users\andre\.m2\repository\com\fasterxml\classmate\1.7.0\classmate-1.7.0.jar;C:\Users\andre\.m2\repository\net\bytebuddy\byte-buddy\1.15.11\byte-buddy-1.15.11.jar;C:\Users\andre\.m2\repository\org\glassfish\jaxb\jaxb-runtime\4.0.5\jaxb-runtime-4.0.5.jar;C:\Users\andre\.m2\repository\org\glassfish\jaxb\jaxb-core\4.0.5\jaxb-core-4.0.5.jar;C:\Users\andre\.m2\repository\org\eclipse\angus\angus-activation\2.0.2\angus-activation-2.0.2.jar;C:\Users\andre\.m2\repository\org\glassfish\jaxb\txw2\4.0.5\txw2-4.0.5.jar;C:\Users\andre\.m2\repository\com\sun\istack\istack-commons-runtime\4.1.2\istack-commons-runtime-4.1.2.jar;C:\Users\andre\.m2\repository\jakarta\inject\jakarta.inject-api\2.0.1\jakarta.inject-api-2.0.1.jar;C:\Users\andre\.m2\repository\org\antlr\antlr4-runtime\4.13.0\antlr4-runtime-4.13.0.jar;C:\Users\andre\.m2\repository\org\springframework\data\spring-data-jpa\3.4.4\spring-data-jpa-3.4.4.jar;C:\Users\andre\.m2\repository\org\springframework\data\spring-data-commons\3.4.4\spring-data-commons-3.4.4.jar;C:\Users\andre\.m2\repository\org\springframework\spring-orm\6.2.5\spring-orm-6.2.5.jar;C:\Users\andre\.m2\repository\org\springframework\spring-tx\6.2.5\spring-tx-6.2.5.jar;C:\Users\andre\.m2\repository\org\slf4j\slf4j-api\2.0.17\slf4j-api-2.0.17.jar;C:\Users\andre\.m2\repository\org\springframework\spring-aspects\6.2.5\spring-aspects-6.2.5.jar;C:\Users\andre\.m2\repository\org\aspectj\aspectjweaver\1.9.23\aspectjweaver-1.9.23.jar;C:\Users\andre\.m2\repository\org\springframework\boot\spring-boot-starter-security\3.4.4\spring-boot-starter-security-3.4.4.jar;C:\Users\andre\.m2\repository\org\springframework\spring-aop\6.2.5\spring-aop-6.2.5.jar;C:\Users\andre\.m2\repository\org\springframework\security\spring-security-config\6.4.4\spring-security-config-6.4.4.jar;C:\Users\andre\.m2\repository\org\springframework\security\spring-security-web\6.4.4\spring-security-web-6.4.4.jar;C:\Users\andre\.m2\repository\org\springframework\boot\spring-boot-starter-validation\3.4.4\spring-boot-starter-validation-3.4.4.jar;C:\Users\andre\.m2\repository\org\apache\tomcat\embed\tomcat-embed-el\10.1.39\tomcat-embed-el-10.1.39.jar;C:\Users\andre\.m2\repository\org\hibernate\validator\hibernate-validator\8.0.2.Final\hibernate-validator-8.0.2.Final.jar;C:\Users\andre\.m2\repository\jakarta\validation\jakarta.validation-api\3.0.2\jakarta.validation-api-3.0.2.jar;C:\Users\andre\.m2\repository\org\postgresql\postgresql\42.7.5\postgresql-42.7.5.jar;C:\Users\andre\.m2\repository\org\checkerframework\checker-qual\3.48.3\checker-qual-3.48.3.jar;C:\Users\andre\.m2\repository\io\jsonwebtoken\jjwt-api\0.11.5\jjwt-api-0.11.5.jar;C:\Users\andre\.m2\repository\io\jsonwebtoken\jjwt-impl\0.11.5\jjwt-impl-0.11.5.jar;C:\Users\andre\.m2\repository\io\jsonwebtoken\jjwt-jackson\0.11.5\jjwt-jackson-0.11.5.jar;C:\Users\andre\.m2\repository\com\fasterxml\jackson\core\jackson-databind\2.18.3\jackson-databind-2.18.3.jar;C:\Users\andre\.m2\repository\org\mapstruct\mapstruct\1.5.5.Final\mapstruct-1.5.5.Final.jar;C:\Users\andre\.m2\repository\org\mapstruct\mapstruct-processor\1.5.5.Final\mapstruct-processor-1.5.5.Final.jar;C:\Users\andre\.m2\repository\net\sf\jasperreports\jasperreports\6.20.6\jasperreports-6.20.6.jar;C:\Users\andre\.m2\repository\commons-beanutils\commons-beanutils\1.9.4\commons-beanutils-1.9.4.jar;C:\Users\andre\.m2\repository\commons-collections\commons-collections\3.2.2\commons-collections-3.2.2.jar;C:\Users\andre\.m2\repository\commons-digester\commons-digester\2.1\commons-digester-2.1.jar;C:\Users\andre\.m2\repository\commons-logging\commons-logging\1.1.1\commons-logging-1.1.1.jar;C:\Users\andre\.m2\repository\org\apache\commons\commons-collections4\4.2\commons-collections4-4.2.jar;C:\Users\andre\.m2\repository\com\github\librepdf\openpdf\1.3.30.jaspersoft.3\openpdf-1.3.30.jaspersoft.3.jar;C:\Users\andre\.m2\repository\org\jfree\jcommon\1.0.23\jcommon-1.0.23.jar;C:\Users\andre\.m2\repository\org\jfree\jfreechart\1.0.19\jfreechart-1.0.19.jar;C:\Users\andre\.m2\repository\org\eclipse\jdt\ecj\3.21.0\ecj-3.21.0.jar;C:\Users\andre\.m2\repository\com\fasterxml\jackson\core\jackson-core\2.18.3\jackson-core-2.18.3.jar;C:\Users\andre\.m2\repository\com\fasterxml\jackson\core\jackson-annotations\2.18.3\jackson-annotations-2.18.3.jar;C:\Users\andre\.m2\repository\com\fasterxml\jackson\dataformat\jackson-dataformat-xml\2.18.3\jackson-dataformat-xml-2.18.3.jar;C:\Users\andre\.m2\repository\org\codehaus\woodstox\stax2-api\4.2.2\stax2-api-4.2.2.jar;C:\Users\andre\.m2\repository\com\fasterxml\woodstox\woodstox-core\7.0.0\woodstox-core-7.0.0.jar;C:\Users\andre\.m2\repository\org\projectlombok\lombok\1.18.30\lombok-1.18.30.jar;C:\Users\andre\.m2\repository\org\springframework\boot\spring-boot-starter-test\3.4.4\spring-boot-starter-test-3.4.4.jar;C:\Users\andre\.m2\repository\org\springframework\boot\spring-boot-test\3.4.4\spring-boot-test-3.4.4.jar;C:\Users\andre\.m2\repository\org\springframework\boot\spring-boot-test-autoconfigure\3.4.4\spring-boot-test-autoconfigure-3.4.4.jar;C:\Users\andre\.m2\repository\com\jayway\jsonpath\json-path\2.9.0\json-path-2.9.0.jar;C:\Users\andre\.m2\repository\jakarta\xml\bind\jakarta.xml.bind-api\4.0.2\jakarta.xml.bind-api-4.0.2.jar;C:\Users\andre\.m2\repository\jakarta\activation\jakarta.activation-api\2.1.3\jakarta.activation-api-2.1.3.jar;C:\Users\andre\.m2\repository\net\minidev\json-smart\2.5.2\json-smart-2.5.2.jar;C:\Users\andre\.m2\repository\net\minidev\accessors-smart\2.5.2\accessors-smart-2.5.2.jar;C:\Users\andre\.m2\repository\org\ow2\asm\asm\9.7.1\asm-9.7.1.jar;C:\Users\andre\.m2\repository\org\assertj\assertj-core\3.26.3\assertj-core-3.26.3.jar;C:\Users\andre\.m2\repository\org\awaitility\awaitility\4.2.2\awaitility-4.2.2.jar;C:\Users\andre\.m2\repository\org\hamcrest\hamcrest\2.2\hamcrest-2.2.jar;C:\Users\andre\.m2\repository\org\junit\jupiter\junit-jupiter\5.11.4\junit-jupiter-5.11.4.jar;C:\Users\andre\.m2\repository\org\junit\jupiter\junit-jupiter-api\5.11.4\junit-jupiter-api-5.11.4.jar;C:\Users\andre\.m2\repository\org\opentest4j\opentest4j\1.3.0\opentest4j-1.3.0.jar;C:\Users\andre\.m2\repository\org\junit\platform\junit-platform-commons\1.11.4\junit-platform-commons-1.11.4.jar;C:\Users\andre\.m2\repository\org\apiguardian\apiguardian-api\1.1.2\apiguardian-api-1.1.2.jar;C:\Users\andre\.m2\repository\org\junit\jupiter\junit-jupiter-params\5.11.4\junit-jupiter-params-5.11.4.jar;C:\Users\andre\.m2\repository\org\junit\jupiter\junit-jupiter-engine\5.11.4\junit-jupiter-engine-5.11.4.jar;C:\Users\andre\.m2\repository\org\junit\platform\junit-platform-engine\1.11.4\junit-platform-engine-1.11.4.jar;C:\Users\andre\.m2\repository\org\mockito\mockito-core\5.14.2\mockito-core-5.14.2.jar;C:\Users\andre\.m2\repository\net\bytebuddy\byte-buddy-agent\1.15.11\byte-buddy-agent-1.15.11.jar;C:\Users\andre\.m2\repository\org\objenesis\objenesis\3.3\objenesis-3.3.jar;C:\Users\andre\.m2\repository\org\mockito\mockito-junit-jupiter\5.14.2\mockito-junit-jupiter-5.14.2.jar;C:\Users\andre\.m2\repository\org\skyscreamer\jsonassert\1.5.3\jsonassert-1.5.3.jar;C:\Users\andre\.m2\repository\com\vaadin\external\google\android-json\0.0.20131108.vaadin1\android-json-0.0.20131108.vaadin1.jar;C:\Users\andre\.m2\repository\org\springframework\spring-core\6.2.5\spring-core-6.2.5.jar;C:\Users\andre\.m2\repository\org\springframework\spring-jcl\6.2.5\spring-jcl-6.2.5.jar;C:\Users\andre\.m2\repository\org\springframework\spring-test\6.2.5\spring-test-6.2.5.jar;C:\Users\andre\.m2\repository\org\xmlunit\xmlunit-core\2.10.0\xmlunit-core-2.10.0.jar;C:\Users\andre\.m2\repository\org\springframework\security\spring-security-test\6.4.4\spring-security-test-6.4.4.jar;C:\Users\andre\.m2\repository\org\springframework\security\spring-security-core\6.4.4\spring-security-core-6.4.4.jar;C:\Users\andre\.m2\repository\org\springframework\security\spring-security-crypto\6.4.4\spring-security-crypto-6.4.4.jar;"/>
    <property name="sun.cpu.endian" value="little"/>
    <property name="user.home" value="C:\Users\andre"/>
    <property name="user.language" value="en"/>
    <property name="java.specification.vendor" value="Oracle Corporation"/>
    <property name="java.version.date" value="2024-10-15"/>
    <property name="java.home" value="C:\Program Files\Eclipse Adoptium\jdk-21.0.5.11-hotspot"/>
    <property name="file.separator" value="\"/>
    <property name="basedir" value="C:\Users\andre\OneDrive\Escritorio\velvet"/>
    <property name="java.vm.compressedOopsMode" value="Zero based"/>
    <property name="line.separator" value="&#10;"/>
    <property name="java.vm.specification.vendor" value="Oracle Corporation"/>
    <property name="java.specification.name" value="Java Platform API Specification"/>
    <property name="FILE_LOG_CHARSET" value="UTF-8"/>
    <property name="java.awt.headless" value="true"/>
    <property name="surefire.real.class.path" value="C:\Users\andre\AppData\Local\Temp\surefire2739056072874094601\surefirebooter-20250322135458029_3.jar"/>
    <property name="user.script" value=""/>
    <property name="sun.management.compiler" value="HotSpot 64-Bit Tiered Compilers"/>
    <property name="java.runtime.version" value="21.0.5+11-LTS"/>
    <property name="user.name" value="andre"/>
    <property name="stdout.encoding" value="Cp1252"/>
    <property name="path.separator" value=";"/>
    <property name="os.version" value="10.0"/>
    <property name="java.runtime.name" value="OpenJDK Runtime Environment"/>
    <property name="file.encoding" value="UTF-8"/>
    <property name="java.vm.name" value="OpenJDK 64-Bit Server VM"/>
    <property name="java.vendor.version" value="Temurin-21.0.5+11"/>
    <property name="localRepository" value="C:\Users\andre\.m2\repository"/>
    <property name="java.vendor.url.bug" value="https://github.com/adoptium/adoptium-support/issues"/>
    <property name="java.io.tmpdir" value="C:\Users\andre\AppData\Local\Temp\"/>
    <property name="com.zaxxer.hikari.pool_number" value="1"/>
    <property name="java.version" value="21.0.5"/>
    <property name="user.dir" value="C:\Users\andre\OneDrive\Escritorio\velvet"/>
    <property name="os.arch" value="amd64"/>
    <property name="java.vm.specification.name" value="Java Virtual Machine Specification"/>
    <property name="PID" value="18924"/>
    <property name="user.language.format" value="es"/>
    <property name="sun.os.patch.level" value=""/>
    <property name="CONSOLE_LOG_CHARSET" value="UTF-8"/>
    <property name="native.encoding" value="Cp1252"/>
    <property name="java.library.path" value="C:\Program Files\Eclipse Adoptium\jdk-21.0.5.11-hotspot\bin;C:\WINDOWS\Sun\Java\bin;C:\WINDOWS\system32;C:\WINDOWS;C:\Program Files\WindowsApps\Microsoft.PowerShell_7.5.0.0_x64__8wekyb3d8bbwe;C:\Python313\Scripts\;C:\Python313\;C:\Python312\Scripts\;C:\Python312\;C:\Program Files\Eclipse Adoptium\jdk-21.0.5.11-hotspot\bin;C:\Program Files (x86)\oh-my-posh\bin\;C:\Windows\system32;C:\Windows;C:\Windows\System32\Wbem;C:\Windows\System32\WindowsPowerShell\v1.0\;C:\Windows\System32\OpenSSH\;C:\Program Files\Intel\WiFi\bin\;C:\Program Files\Common Files\Intel\WirelessCommon\;C:\WINDOWS\system32;C:\WINDOWS;C:\WINDOWS\System32\Wbem;C:\WINDOWS\System32\WindowsPowerShell\v1.0\;C:\WINDOWS\System32\OpenSSH\;C:\Program Files\nodejs\;C:\ProgramData\chocolatey\bin;C:\Program Files\Apache\Maven\bin;C:\SQLite3;C:\composer;C:\Program Files\NVIDIA Corporation\NVIDIA app\NvDLISR;C:\Program Files (x86)\NVIDIA Corporation\PhysX\Common;C:\Program Files\Git\cmd;C:\Users\andre\AppData\Local\Programs\oh-my-posh\bin\;C:\Users\andre\AppData\Local\Microsoft\WindowsApps;C:\Users\andre\AppData\Local\GitHubDesktop\bin;C:\Users\andre\AppData\Roaming\npm;C:\Program Files\Apache\Maven\bin;C:\SQLite3;C:\xampp\php;C:\Users\andre\AppData\Roaming\Composer\vendor\bin;C:\Users\andre\AppData\Local\Programs\Microsoft VS Code\bin;c:\Users\andre\AppData\Roaming\Code\User\globalStorage\github.copilot-chat\debugCommand;."/>
    <property name="java.vm.info" value="mixed mode, sharing"/>
    <property name="stderr.encoding" value="Cp1252"/>
    <property name="java.vendor" value="Eclipse Adoptium"/>
    <property name="java.vm.version" value="21.0.5+11-LTS"/>
    <property name="sun.io.unicode.encoding" value="UnicodeLittle"/>
    <property name="java.class.version" value="65.0"/>
    <property name="LOGGED_APPLICATION_NAME" value="[velvet] "/>
  </properties>
  <testcase name="contextLoads" classname="com.uniminuto.velvet.VelvetApplicationTests" time="0.618">
    <system-out><![CDATA[Standard Commons Logging discovery in action with spring-jcl: please remove commons-logging.jar from classpath in order to avoid potential conflicts
13:54:59.087 [main] INFO org.springframework.test.context.support.AnnotationConfigContextLoaderUtils -- Could not detect default configuration classes for test class [com.uniminuto.velvet.VelvetApplicationTests]: VelvetApplicationTests does not declare any static, non-private, non-final, nested classes annotated with @Configuration.
13:54:59.257 [main] INFO org.springframework.boot.test.context.SpringBootTestContextBootstrapper -- Found @SpringBootConfiguration com.uniminuto.velvet.VelvetApplication for test class com.uniminuto.velvet.VelvetApplicationTests

  .   ____          _            __ _ _
 /\\ / ___'_ __ _ _(_)_ __  __ _ \ \ \ \
( ( )\___ | '_ | '_| | '_ \/ _` | \ \ \ \
 \\/  ___)| |_)| | | | | || (_| |  ) ) ) )
  '  |____| .__|_| |_|_| |_\__, | / / / /
 =========|_|==============|___/=/_/_/_/

 :: Spring Boot ::                (v3.4.4)

2025-03-22T13:54:59.933-05:00  INFO 18924 --- [velvet] [           main] c.u.velvet.VelvetApplicationTests        : Starting VelvetApplicationTests using Java 21.0.5 with PID 18924 (started by andre in C:\Users\andre\OneDrive\Escritorio\velvet)
2025-03-22T13:54:59.935-05:00  INFO 18924 --- [velvet] [           main] c.u.velvet.VelvetApplicationTests        : No active profile set, falling back to 1 default profile: "default"
2025-03-22T13:55:01.381-05:00  INFO 18924 --- [velvet] [           main] .s.d.r.c.RepositoryConfigurationDelegate : Bootstrapping Spring Data JPA repositories in DEFAULT mode.
2025-03-22T13:55:01.445-05:00  INFO 18924 --- [velvet] [           main] .s.d.r.c.RepositoryConfigurationDelegate : Finished Spring Data repository scanning in 45 ms. Found 0 JPA repository interfaces.
2025-03-22T13:55:02.190-05:00  INFO 18924 --- [velvet] [           main] o.hibernate.jpa.internal.util.LogHelper  : HHH000204: Processing PersistenceUnitInfo [name: default]
2025-03-22T13:55:02.333-05:00  INFO 18924 --- [velvet] [           main] org.hibernate.Version                    : HHH000412: Hibernate ORM core version 6.6.11.Final
2025-03-22T13:55:02.409-05:00  INFO 18924 --- [velvet] [           main] o.h.c.internal.RegionFactoryInitiator    : HHH000026: Second-level cache disabled
2025-03-22T13:55:02.962-05:00  INFO 18924 --- [velvet] [           main] o.s.o.j.p.SpringPersistenceUnitInfo      : No LoadTimeWeaver setup: ignoring JPA class transformer
2025-03-22T13:55:03.006-05:00  INFO 18924 --- [velvet] [           main] com.zaxxer.hikari.HikariDataSource       : HikariPool-1 - Starting...
2025-03-22T13:55:03.271-05:00  INFO 18924 --- [velvet] [           main] com.zaxxer.hikari.pool.HikariPool        : HikariPool-1 - Added connection org.postgresql.jdbc.PgConnection@1a536164
2025-03-22T13:55:03.273-05:00  INFO 18924 --- [velvet] [           main] com.zaxxer.hikari.HikariDataSource       : HikariPool-1 - Start completed.
2025-03-22T13:55:03.324-05:00  WARN 18924 --- [velvet] [           main] org.hibernate.orm.deprecation            : HHH90000025: PostgreSQLDialect does not need to be specified explicitly using 'hibernate.dialect' (remove the property setting and it will be selected by default)
2025-03-22T13:55:03.360-05:00  INFO 18924 --- [velvet] [           main] org.hibernate.orm.connections.pooling    : HHH10001005: Database info:
	Database JDBC URL [Connecting through datasource 'HikariDataSource (HikariPool-1)']
	Database driver: undefined/unknown
	Database version: 17.2
	Autocommit mode: undefined/unknown
	Isolation level: undefined/unknown
	Minimum pool size: undefined/unknown
	Maximum pool size: undefined/unknown
2025-03-22T13:55:05.103-05:00  INFO 18924 --- [velvet] [           main] o.h.e.t.j.p.i.JtaPlatformInitiator       : HHH000489: No JTA platform available (set 'hibernate.transaction.jta.platform' to enable JTA platform integration)
Hibernate: 
    set client_min_messages = WARNING
Hibernate: 
    alter table if exists inventory_limits 
       drop constraint if exists FKcxop6lvbubhk69jo3gft7djpi
Hibernate: 
    alter table if exists inventory_limits 
       drop constraint if exists FK1u6gb2mxjeyeo5txttc4mtx13
Hibernate: 
    alter table if exists inventory_movements 
       drop constraint if exists FKo5wo5rt3i3bvxti09ohclqs06
Hibernate: 
    alter table if exists inventory_movements 
       drop constraint if exists FKgwxt5afix8ciugme25jd89hfp
Hibernate: 
    alter table if exists inventory_movements 
       drop constraint if exists FK3m1c3e0h990vv70f7suuc9h1l
Hibernate: 
    alter table if exists inventory_movements 
       drop constraint if exists FKd4hcef223t1l6vmc72kb7iqim
Hibernate: 
    alter table if exists inventory_movements 
       drop constraint if exists FK7lws1ve8g6b9itc054wj06uit
Hibernate: 
    alter table if exists inventory_stock 
       drop constraint if exists FK78acy8wbfo4lgld4uaura4ope
Hibernate: 
    alter table if exists inventory_stock 
       drop constraint if exists FK8lg1rxvcddib924nmunq6k4tu
Hibernate: 
    alter table if exists order_details 
       drop constraint if exists FKjyu2qbqt8gnvno9oe9j2s2ldk
Hibernate: 
    alter table if exists order_details 
       drop constraint if exists FK4q98utpd73imf4yhttm3w0eax
Hibernate: 
    alter table if exists orders 
       drop constraint if exists FK8xumyehdyhksg6ijsi6ib9mar
Hibernate: 
    alter table if exists orders 
       drop constraint if exists FKcbbqf26brulgfgvd0mf74rv4y
Hibernate: 
    alter table if exists orders 
       drop constraint if exists FKa03ljb6t6oa6mqtoifuwkb0kw
Hibernate: 
    alter table if exists orders 
       drop constraint if exists FKrkhrp1dape261t3x3spj7l5ny
Hibernate: 
    alter table if exists orders 
       drop constraint if exists FK32ql8ubntj5uh44ph9659tiih
Hibernate: 
    alter table if exists permissions 
       drop constraint if exists fk_permissions_resource
Hibernate: 
    alter table if exists product_compositions 
       drop constraint if exists FKafdwhcaeok20bbuk7bn08d7ks
Hibernate: 
    alter table if exists product_compositions 
       drop constraint if exists FKlnfb02okke67omu3ciskjfbo5
Hibernate: 
    alter table if exists product_compositions 
       drop constraint if exists FK5jrwnigm356wx3cwo3fci8y3i
Hibernate: 
    alter table if exists products 
       drop constraint if exists FKrv6og3b2qlahvka0bxn7btyqd
Hibernate: 
    alter table if exists products 
       drop constraint if exists FKappm930ygdfv4qkkhc05pbr5s
Hibernate: 
    alter table if exists products 
       drop constraint if exists FKlwfhx3rqfad9of9egbt52mojw
Hibernate: 
    alter table if exists role_has_permission 
       drop constraint if exists FKgvtkd38qqxrjrjpdawwn6i2dc
Hibernate: 
    alter table if exists role_has_permission 
       drop constraint if exists FK4tkb5h6g9725voio02abkw8cq
Hibernate: 
    alter table if exists role_has_permission 
       drop constraint if exists FKl5t2ucrudh92ach6bddb918kp
Hibernate: 
    alter table if exists subcategories 
       drop constraint if exists fk_subcategories_category
Hibernate: 
    alter table if exists tables 
       drop constraint if exists FKjy9rdfcf388e1w9vn082img1o
Hibernate: 
    alter table if exists users 
       drop constraint if exists FK1y3vsowuanfyl0ss85dyg2yp4
Hibernate: 
    alter table if exists users 
       drop constraint if exists FKdk0xfnnthbj8afp1ira6sndte
Hibernate: 
    alter table if exists users 
       drop constraint if exists FKp56c1712k691lhsyewcssf40f
Hibernate: 
    drop table if exists categories cascade
Hibernate: 
    drop table if exists document_types cascade
Hibernate: 
    drop table if exists inventory_limits cascade
Hibernate: 
    drop table if exists inventory_movements cascade
Hibernate: 
    drop table if exists inventory_stock cascade
Hibernate: 
    drop table if exists locations cascade
Hibernate: 
    drop table if exists movement_types cascade
Hibernate: 
    drop table if exists order_details cascade
Hibernate: 
    drop table if exists order_statuses cascade
Hibernate: 
    drop table if exists orders cascade
Hibernate: 
    drop table if exists payment_methods cascade
Hibernate: 
    drop table if exists permissions cascade
Hibernate: 
    drop table if exists product_compositions cascade
Hibernate: 
    drop table if exists product_types cascade
Hibernate: 
    drop table if exists products cascade
Hibernate: 
    drop table if exists resources cascade
Hibernate: 
    drop table if exists role_has_permission cascade
Hibernate: 
    drop table if exists roles cascade
Hibernate: 
    drop table if exists subcategories cascade
Hibernate: 
    drop table if exists tables cascade
Hibernate: 
    drop table if exists units_of_measure cascade
Hibernate: 
    drop table if exists users cascade
Hibernate: 
    create table categories (
        id bigint generated by default as identity,
        name varchar(255) not null,
        primary key (id),
        constraint categories_name_key unique (name)
    )
Hibernate: 
    create table document_types (
        id bigint generated by default as identity,
        name varchar(50) not null,
        description varchar(255),
        primary key (id),
        constraint document_types_name_key unique (name)
    )
Hibernate: 
    create table inventory_limits (
        id bigint generated by default as identity,
        location_id bigint not null,
        max_stock bigint check (max_stock>=1),
        min_stock bigint not null check (min_stock>=0),
        product_id bigint not null,
        primary key (id),
        constraint uk_product_location_limits unique (product_id, location_id)
    )
Hibernate: 
    create table inventory_movements (
        quantity integer not null,
        unit_cost numeric(10,2),
        created_by bigint not null,
        id bigint generated by default as identity,
        inventory_stock_id bigint not null,
        movement_date timestamp(6) not null,
        movement_type_id bigint not null,
        order_id bigint,
        product_id bigint not null,
        notes varchar(500),
        reference varchar(255),
        primary key (id)
    )
Hibernate: 
    create table inventory_stock (
        created_at timestamp(6) not null,
        current_stock bigint not null check (current_stock>=0),
        id bigint generated by default as identity,
        location_id bigint not null,
        product_id bigint not null,
        updated_at timestamp(6) not null,
        primary key (id),
        constraint uk_product_location unique (product_id, location_id)
    )
Hibernate: 
    create table locations (
        active boolean not null,
        created_at timestamp(6) not null,
        id bigint generated by default as identity,
        updated_at timestamp(6) not null,
        phone varchar(20),
        name varchar(100) not null,
        description varchar(500),
        address varchar(255) not null,
        primary key (id),
        constraint uk_location_name unique (name)
    )
Hibernate: 
    create table movement_types (
        affects_stock boolean not null,
        id bigint generated by default as identity,
        name varchar(50) not null,
        description varchar(255),
        primary key (id),
        constraint movement_types_name_key unique (name)
    )
Hibernate: 
    create table order_details (
        quantity integer not null check (quantity>=1),
        subtotal numeric(10,2) not null,
        unit_price numeric(10,2) not null,
        id bigint generated by default as identity,
        order_id bigint not null,
        product_id bigint not null,
        product_notes varchar(255),
        primary key (id)
    )
Hibernate: 
    create table order_statuses (
        id bigint generated by default as identity,
        name varchar(50) not null,
        description varchar(255),
        primary key (id),
        constraint order_statuses_name_key unique (name)
    )
Hibernate: 
    create table orders (
        is_paid boolean not null,
        total_amount numeric(10,2) not null,
        completed_date timestamp(6),
        created_at timestamp(6) not null,
        id bigint generated by default as identity,
        location_id bigint not null,
        order_date timestamp(6) not null,
        order_status_id bigint not null,
        payment_method_id bigint,
        table_id bigint,
        updated_at timestamp(6) not null,
        user_id bigint not null,
        order_number varchar(255) not null unique,
        primary key (id)
    )
Hibernate: 
    create table payment_methods (
        id bigint generated by default as identity,
        name varchar(50) not null,
        description varchar(255),
        primary key (id),
        constraint payment_methods_name_key unique (name)
    )
Hibernate: 
    create table permissions (
        id bigint generated by default as identity,
        resource_id bigint,
        description varchar(255),
        name varchar(255) not null,
        primary key (id),
        constraint permissions_name_key unique (name)
    )
Hibernate: 
    create table product_compositions (
        quantity float(53) not null,
        composite_product_id bigint not null,
        id bigint generated by default as identity,
        ingredient_product_id bigint not null,
        unit_of_measure_id bigint not null,
        primary key (id)
    )
Hibernate: 
    create table product_types (
        id bigint generated by default as identity,
        name varchar(50) not null,
        description varchar(255),
        primary key (id),
        constraint product_types_name_key unique (name)
    )
Hibernate: 
    create table products (
        active boolean not null,
        purchase_price numeric(10,2) not null,
        sale_price numeric(10,2) not null,
        created_at timestamp(6) not null,
        id bigint generated by default as identity,
        product_type_id bigint not null,
        subcategory_id bigint not null,
        unit_of_measure_id bigint not null,
        updated_at timestamp(6) not null,
        description varchar(255) not null,
        name varchar(255) not null,
        primary key (id)
    )
Hibernate: 
    create table resources (
        id bigint generated by default as identity,
        name varchar(255) not null,
        primary key (id),
        constraint resources_name_key unique (name)
    )
Hibernate: 
    create table role_has_permission (
        assigned_at timestamp(6) not null,
        assigned_by bigint not null,
        id bigint generated by default as identity,
        permission_id bigint not null,
        role_id bigint not null,
        primary key (id)
    )
Hibernate: 
    create table roles (
        id bigint generated by default as identity,
        name varchar(30) not null,
        description varchar(100),
        primary key (id),
        constraint roles_name_key unique (name)
    )
Hibernate: 
    create table subcategories (
        category_id bigint,
        id bigint generated by default as identity,
        name varchar(255) not null,
        primary key (id)
    )
Hibernate: 
    create table tables (
        active boolean not null,
        capacity integer not null,
        id bigint generated by default as identity,
        location_id bigint not null,
        description varchar(255),
        number varchar(255) not null,
        primary key (id),
        constraint uk_table_number_location unique (number, location_id)
    )
Hibernate: 
    create table units_of_measure (
        id bigint generated by default as identity,
        symbol varchar(10) not null,
        name varchar(50) not null,
        primary key (id),
        constraint units_of_measure_name_key unique (name)
    )
Hibernate: 
    create table users (
        active boolean not null,
        created_at timestamp(6) not null,
        document_type_id bigint not null,
        id bigint generated by default as identity,
        last_login timestamp(6),
        location_id bigint not null,
        role_id bigint not null,
        updated_at timestamp(6) not null,
        document varchar(50) not null,
        email varchar(255) not null,
        last_name varchar(255) not null,
        name varchar(255) not null,
        password varchar(255) not null,
        username varchar(255) not null,
        primary key (id),
        constraint uk_user_username unique (username),
        constraint uk_user_email unique (email),
        constraint uk_user_document unique (document)
    )
Hibernate: 
    alter table if exists inventory_limits 
       add constraint FKcxop6lvbubhk69jo3gft7djpi 
       foreign key (location_id) 
       references locations
Hibernate: 
    alter table if exists inventory_limits 
       add constraint FK1u6gb2mxjeyeo5txttc4mtx13 
       foreign key (product_id) 
       references products
Hibernate: 
    alter table if exists inventory_movements 
       add constraint FKo5wo5rt3i3bvxti09ohclqs06 
       foreign key (created_by) 
       references users
Hibernate: 
    alter table if exists inventory_movements 
       add constraint FKgwxt5afix8ciugme25jd89hfp 
       foreign key (inventory_stock_id) 
       references inventory_stock
Hibernate: 
    alter table if exists inventory_movements 
       add constraint FK3m1c3e0h990vv70f7suuc9h1l 
       foreign key (movement_type_id) 
       references movement_types
Hibernate: 
    alter table if exists inventory_movements 
       add constraint FKd4hcef223t1l6vmc72kb7iqim 
       foreign key (order_id) 
       references orders
Hibernate: 
    alter table if exists inventory_movements 
       add constraint FK7lws1ve8g6b9itc054wj06uit 
       foreign key (product_id) 
       references products
Hibernate: 
    alter table if exists inventory_stock 
       add constraint FK78acy8wbfo4lgld4uaura4ope 
       foreign key (location_id) 
       references locations
Hibernate: 
    alter table if exists inventory_stock 
       add constraint FK8lg1rxvcddib924nmunq6k4tu 
       foreign key (product_id) 
       references products
Hibernate: 
    alter table if exists order_details 
       add constraint FKjyu2qbqt8gnvno9oe9j2s2ldk 
       foreign key (order_id) 
       references orders
Hibernate: 
    alter table if exists order_details 
       add constraint FK4q98utpd73imf4yhttm3w0eax 
       foreign key (product_id) 
       references products
Hibernate: 
    alter table if exists orders 
       add constraint FK8xumyehdyhksg6ijsi6ib9mar 
       foreign key (location_id) 
       references locations
Hibernate: 
    alter table if exists orders 
       add constraint FKcbbqf26brulgfgvd0mf74rv4y 
       foreign key (order_status_id) 
       references order_statuses
Hibernate: 
    alter table if exists orders 
       add constraint FKa03ljb6t6oa6mqtoifuwkb0kw 
       foreign key (payment_method_id) 
       references payment_methods
Hibernate: 
    alter table if exists orders 
       add constraint FKrkhrp1dape261t3x3spj7l5ny 
       foreign key (table_id) 
       references tables
Hibernate: 
    alter table if exists orders 
       add constraint FK32ql8ubntj5uh44ph9659tiih 
       foreign key (user_id) 
       references users
Hibernate: 
    alter table if exists permissions 
       add constraint fk_permissions_resource 
       foreign key (resource_id) 
       references resources
Hibernate: 
    alter table if exists product_compositions 
       add constraint FKafdwhcaeok20bbuk7bn08d7ks 
       foreign key (composite_product_id) 
       references products
Hibernate: 
    alter table if exists product_compositions 
       add constraint FKlnfb02okke67omu3ciskjfbo5 
       foreign key (ingredient_product_id) 
       references products
Hibernate: 
    alter table if exists product_compositions 
       add constraint FK5jrwnigm356wx3cwo3fci8y3i 
       foreign key (unit_of_measure_id) 
       references units_of_measure
Hibernate: 
    alter table if exists products 
       add constraint FKrv6og3b2qlahvka0bxn7btyqd 
       foreign key (product_type_id) 
       references product_types
Hibernate: 
    alter table if exists products 
       add constraint FKappm930ygdfv4qkkhc05pbr5s 
       foreign key (subcategory_id) 
       references subcategories
Hibernate: 
    alter table if exists products 
       add constraint FKlwfhx3rqfad9of9egbt52mojw 
       foreign key (unit_of_measure_id) 
       references units_of_measure
Hibernate: 
    alter table if exists role_has_permission 
       add constraint FKgvtkd38qqxrjrjpdawwn6i2dc 
       foreign key (assigned_by) 
       references users
Hibernate: 
    alter table if exists role_has_permission 
       add constraint FK4tkb5h6g9725voio02abkw8cq 
       foreign key (permission_id) 
       references permissions
Hibernate: 
    alter table if exists role_has_permission 
       add constraint FKl5t2ucrudh92ach6bddb918kp 
       foreign key (role_id) 
       references roles
Hibernate: 
    alter table if exists subcategories 
       add constraint fk_subcategories_category 
       foreign key (category_id) 
       references categories
Hibernate: 
    alter table if exists tables 
       add constraint FKjy9rdfcf388e1w9vn082img1o 
       foreign key (location_id) 
       references locations
Hibernate: 
    alter table if exists users 
       add constraint FK1y3vsowuanfyl0ss85dyg2yp4 
       foreign key (document_type_id) 
       references document_types
Hibernate: 
    alter table if exists users 
       add constraint FKdk0xfnnthbj8afp1ira6sndte 
       foreign key (location_id) 
       references locations
Hibernate: 
    alter table if exists users 
       add constraint FKp56c1712k691lhsyewcssf40f 
       foreign key (role_id) 
       references roles
2025-03-22T13:55:05.373-05:00  INFO 18924 --- [velvet] [           main] j.LocalContainerEntityManagerFactoryBean : Initialized JPA EntityManagerFactory for persistence unit 'default'
2025-03-22T13:55:05.686-05:00  WARN 18924 --- [velvet] [           main] JpaBaseConfiguration$JpaWebConfiguration : spring.jpa.open-in-view is enabled by default. Therefore, database queries may be performed during view rendering. Explicitly configure spring.jpa.open-in-view to disable this warning
2025-03-22T13:55:06.287-05:00  WARN 18924 --- [velvet] [           main] .s.s.UserDetailsServiceAutoConfiguration : 

Using generated security password: 5c850bec-5e88-48e1-94bc-f82dd458bffe

This generated password is for development use only. Your security configuration must be updated before running your application in production.

2025-03-22T13:55:06.313-05:00  INFO 18924 --- [velvet] [           main] r$InitializeUserDetailsManagerConfigurer : Global AuthenticationManager configured with UserDetailsService bean with name inMemoryUserDetailsManager
2025-03-22T13:55:06.550-05:00  INFO 18924 --- [velvet] [           main] c.u.velvet.VelvetApplicationTests        : Started VelvetApplicationTests in 7.098 seconds (process running for 8.353)
]]></system-out>
    <system-err><![CDATA[Mockito is currently self-attaching to enable the inline-mock-maker. This will no longer work in future releases of the JDK. Please add Mockito as an agent to your build what is described in Mockito's documentation: https://javadoc.io/doc/org.mockito/mockito-core/latest/org/mockito/Mockito.html#0.3
WARNING: A Java agent has been loaded dynamically (C:\Users\andre\.m2\repository\net\bytebuddy\byte-buddy-agent\1.15.11\byte-buddy-agent-1.15.11.jar)
WARNING: If a serviceability tool is in use, please run with -XX:+EnableDynamicAgentLoading to hide this warning
WARNING: If a serviceability tool is not in use, please run with -Djdk.instrument.traceUsage for more information
WARNING: Dynamic loading of agents will be disallowed by default in a future release
]]></system-err>
  </testcase>
</testsuite>